0 verbose cli C:\Program Files\nodejs\node.exe C:\Program Files\nodejs\node_modules\npm\bin\npm-cli.js
1 info using npm@11.13.0
2 info using node@v24.16.0
3 silly config load:file:C:\Program Files\nodejs\node_modules\npm\npmrc
4 silly config load:file:C:\arthur-portifolio\.npmrc
5 silly config load:file:C:\Users\User\.npmrc
6 silly config load:file:C:\Users\User\AppData\Roaming\npm\etc\npmrc
7 verbose title npm install
8 verbose argv "install" "--cache" ".npm-cache"
9 verbose logfile logs-max:10 dir:C:\arthur-portifolio\.npm-cache\_logs\2026-06-27T00_32_55_055Z-
10 verbose logfile C:\arthur-portifolio\.npm-cache\_logs\2026-06-27T00_32_55_055Z-debug-0.log
11 silly logfile done cleaning log files
12 silly packumentCache heap:4496293888 maxSize:1124073472 maxEntrySize:562036736
13 silly idealTree buildDeps
14 silly fetch manifest clsx@^2.1.1
15 silly packumentCache full:https://registry.npmjs.org/clsx cache-miss
16 http fetch GET 200 https://registry.npmjs.org/npm 168ms
17 http fetch GET 200 https://registry.npmjs.org/clsx 136ms (cache miss)
18 silly packumentCache full:https://registry.npmjs.org/clsx set size:undefined disposed:false
19 silly fetch manifest embla-carousel-autoplay@^8.1.8
20 silly packumentCache full:https://registry.npmjs.org/embla-carousel-autoplay cache-miss
21 http fetch GET 200 https://registry.npmjs.org/embla-carousel-autoplay 45ms (cache miss)
22 silly packumentCache full:https://registry.npmjs.org/embla-carousel-autoplay set size:undefined disposed:false
23 silly fetch manifest embla-carousel@8.6.0
24 silly packumentCache full:https://registry.npmjs.org/embla-carousel cache-miss
25 http fetch GET 200 https://registry.npmjs.org/embla-carousel 489ms (cache miss)
26 silly packumentCache full:https://registry.npmjs.org/embla-carousel set size:undefined disposed:false
27 silly fetch manifest embla-carousel-react@^8.1.8
28 silly packumentCache full:https://registry.npmjs.org/embla-carousel-react cache-miss
29 http fetch GET 200 https://registry.npmjs.org/embla-carousel-react 83ms (cache miss)
30 silly packumentCache full:https://registry.npmjs.org/embla-carousel-react set size:undefined disposed:false
31 silly fetch manifest react@^18.3.1
32 silly packumentCache full:https://registry.npmjs.org/react cache-miss
33 http fetch GET 200 https://registry.npmjs.org/react 153ms (cache miss)
34 silly packumentCache full:https://registry.npmjs.org/react set size:undefined disposed:false
35 silly fetch manifest framer-motion@^11.18.2
36 silly packumentCache full:https://registry.npmjs.org/framer-motion cache-miss
37 http fetch GET 200 https://registry.npmjs.org/framer-motion 167ms (cache miss)
38 silly packumentCache full:https://registry.npmjs.org/framer-motion set size:undefined disposed:false
39 silly fetch manifest @emotion/is-prop-valid@*
40 silly packumentCache full:https://registry.npmjs.org/@emotion%2fis-prop-valid cache-miss
41 http fetch GET 200 https://registry.npmjs.org/@emotion%2fis-prop-valid 828ms (cache miss)
42 silly packumentCache full:https://registry.npmjs.org/@emotion%2fis-prop-valid set size:undefined disposed:false
43 silly fetch manifest react-dom@^18.3.1
44 silly packumentCache full:https://registry.npmjs.org/react-dom cache-miss
45 http fetch GET 200 https://registry.npmjs.org/react-dom 241ms (cache miss)
46 silly packumentCache full:https://registry.npmjs.org/react-dom set size:undefined disposed:false
47 silly fetch manifest lucide-react@^0.468.0
48 silly packumentCache full:https://registry.npmjs.org/lucide-react cache-miss
49 http fetch GET 200 https://registry.npmjs.org/lucide-react 88ms (cache miss)
50 silly packumentCache full:https://registry.npmjs.org/lucide-react set size:undefined disposed:false
51 silly fetch manifest next@^14.2.23
52 silly packumentCache full:https://registry.npmjs.org/next cache-miss
